INFO     - 2024-03-12 16:05:47,539. Append	FolderObject(name='выводы к лабе согл фильтр', ext='txt', flag_folder=False, parent_folder='Новая папка (3)')
INFO     - 2024-03-12 16:05:47,539. Append	FolderObject(name='Текстовый документ (2)', ext='txt', flag_folder=False, parent_folder='Новая папка (3)')
INFO     - 2024-03-12 16:05:47,539. Append	FolderObject(name='Текстовый документ (3)', ext='txt', flag_folder=False, parent_folder='Новая папка (3)')
INFO     - 2024-03-12 16:05:47,539. Append	FolderObject(name='Текстовый документ', ext='txt', flag_folder=False, parent_folder='Новая папка (3)')
INFO     - 2024-03-12 16:06:37,149. Append	FolderObject(name='pythonProject1', ext=None, flag_folder=True, parent_folder='экз')
INFO     - 2024-03-12 16:06:37,149. Append	FolderObject(name='Spetskurs_AIDMKS_razdatka', ext=None, flag_folder=True, parent_folder='экз')
INFO     - 2024-03-12 16:06:37,149. Append	FolderObject(name='Spetskurs_AIDMKS_razdatka', ext='rar', flag_folder=False, parent_folder='экз')
INFO     - 2024-03-12 16:06:37,149. Append	FolderObject(name='.idea', ext=None, flag_folder=True, parent_folder='pythonProject1')
INFO     - 2024-03-12 16:06:37,149. Append	FolderObject(name='4470', ext='TXT', flag_folder=False, parent_folder='pythonProject1')
INFO     - 2024-03-12 16:06:37,149. Append	FolderObject(name='main', ext='py', flag_folder=False, parent_folder='pythonProject1')
INFO     - 2024-03-12 16:06:37,149. Append	FolderObject(name='inspectionProfiles', ext=None, flag_folder=True, parent_folder='.idea')
INFO     - 2024-03-12 16:06:37,149. Append	FolderObject(name='', ext='gitignore', flag_folder=False, parent_folder='.idea')
INFO     - 2024-03-12 16:06:37,149. Append	FolderObject(name='misc', ext='xml', flag_folder=False, parent_folder='.idea')
INFO     - 2024-03-12 16:06:37,149. Append	FolderObject(name='modules', ext='xml', flag_folder=False, parent_folder='.idea')
INFO     - 2024-03-12 16:06:37,149. Append	FolderObject(name='pythonProject1', ext='iml', flag_folder=False, parent_folder='.idea')
INFO     - 2024-03-12 16:06:37,149. Append	FolderObject(name='workspace', ext='xml', flag_folder=False, parent_folder='.idea')
INFO     - 2024-03-12 16:06:37,149. Append	FolderObject(name='profiles_settings', ext='xml', flag_folder=False, parent_folder='inspectionProfiles')
INFO     - 2024-03-12 16:06:37,150. Append	FolderObject(name='Спецкурс_АИДМКС_раздатка', ext=None, flag_folder=True, parent_folder='Spetskurs_AIDMKS_razdatka')
INFO     - 2024-03-12 16:06:37,150. Append	FolderObject(name='Экспериментальные тесты', ext=None, flag_folder=True, parent_folder='Спецкурс_АИДМКС_раздатка')
INFO     - 2024-03-12 16:06:37,150. Append	FolderObject(name='!Задания', ext='pdf', flag_folder=False, parent_folder='Спецкурс_АИДМКС_раздатка')
INFO     - 2024-03-12 16:06:37,150. Append	FolderObject(name='!Теоретические вопросы к экзамену', ext='pdf', flag_folder=False, parent_folder='Спецкурс_АИДМКС_раздатка')
INFO     - 2024-03-12 16:06:37,150. Append	FolderObject(name='Алгоритмы структурной идентификации динамических ММ КС', ext='pdf', flag_folder=False, parent_folder='Спецкурс_АИДМКС_раздатка')
INFO     - 2024-03-12 16:06:37,150. Append	FolderObject(name='Опорные конспекты', ext='pdf', flag_folder=False, parent_folder='Спецкурс_АИДМКС_раздатка')
INFO     - 2024-03-12 16:06:37,150. Append	FolderObject(name='Параметрическая идентификация', ext='pdf', flag_folder=False, parent_folder='Спецкурс_АИДМКС_раздатка')
INFO     - 2024-03-12 16:06:37,150. Append	FolderObject(name='Ц-М-0187-БП ММ Источников данных', ext='pdf', flag_folder=False, parent_folder='Спецкурс_АИДМКС_раздатка')
INFO     - 2024-03-12 16:06:37,150. Append	FolderObject(name='1poly', ext='txt', flag_folder=False, parent_folder='Экспериментальные тесты')
INFO     - 2024-03-12 16:06:37,150. Append	FolderObject(name='2poly', ext='txt', flag_folder=False, parent_folder='Экспериментальные тесты')
INFO     - 2024-03-12 16:06:37,150. Append	FolderObject(name='3307-AK', ext='txt', flag_folder=False, parent_folder='Экспериментальные тесты')
INFO     - 2024-03-12 16:06:37,150. Append	FolderObject(name='3307', ext='TXT', flag_folder=False, parent_folder='Экспериментальные тесты')
INFO     - 2024-03-12 16:06:37,150. Append	FolderObject(name='4470-AK', ext='txt', flag_folder=False, parent_folder='Экспериментальные тесты')
INFO     - 2024-03-12 16:06:37,150. Append	FolderObject(name='Swd546', ext='pro', flag_folder=False, parent_folder='Экспериментальные тесты')
INFO     - 2024-03-12 16:06:37,150. Append	FolderObject(name='Vd546', ext='pro', flag_folder=False, parent_folder='Экспериментальные тесты')
